{"numFailedTestSuites":0,"numFailedTests":0,"numPassedTestSuites":15,"numPassedTests":29,"numPendingTestSuites":0,"numPendingTests":0,"numRuntimeErrorTestSuites":0,"numTodoTests":0,"numTotalTestSuites":15,"numTotalTests":29,"openHandles":[],"snapshot":{"added":0,"didUpdate":false,"failure":false,"filesAdded":0,"filesRemoved":0,"filesRemovedList":[],"filesUnmatched":0,"filesUpdated":0,"matched":12,"total":12,"unchecked":0,"uncheckedKeysByFile":[],"unmatched":0,"updated":0},"startTime":1666269180826,"success":true,"testResults":[{"assertionResults":[{"ancestorTitles":["completeState","setAppCompleteStateThunk()"],"duration":11,"failureDetails":[],"failureMessages":[],"fullName":"completeState setAppCompleteStateThunk() must dispatch actions when http responses success ~ 200","invocations":1,"location":null,"numPassingAsserts":0,"retryReasons":[],"status":"passed","title":"must dispatch actions when http responses success ~ 200"},{"ancestorTitles":["completeState","setAppCompleteStateThunk()"],"duration":2,"failureDetails":[],"failureMessages":[],"fullName":"completeState setAppCompleteStateThunk() must dispatch actions when http responses not found ~ 404","invocations":1,"location":null,"numPassingAsserts":0,"retryReasons":[],"status":"passed","title":"must dispatch actions when http responses not found ~ 404"}],"endTime":1666269186929,"message":"","name":"/Users/mts/PapillonBitsHub/fable/packages/core/src/store/thunk/__tests__/completeState.test.js","startTime":1666269182317,"status":"passed","summary":""},{"assertionResults":[{"ancestorTitles":["setRandomImage","setDogRandomImageThunk()"],"duration":15,"failureDetails":[],"failureMessages":[],"fullName":"setRandomImage setDogRandomImageThunk() must dispatch action when http response success ~ 200","invocations":1,"location":null,"numPassingAsserts":0,"retryReasons":[],"status":"passed","title":"must dispatch action when http response success ~ 200"},{"ancestorTitles":["setRandomImage","setDogRandomImageThunk()"],"duration":1,"failureDetails":[],"failureMessages":[],"fullName":"setRandomImage setDogRandomImageThunk() must dispatch action when http response not found ~ 404","invocations":1,"location":null,"numPassingAsserts":0,"retryReasons":[],"status":"passed","title":"must dispatch action when http response not found ~ 404"},{"ancestorTitles":["setRandomImage","setCatRandomImageThunk()"],"duration":8,"failureDetails":[],"failureMessages":[],"fullName":"setRandomImage setCatRandomImageThunk() must dispatch action when http response success ~ 200","invocations":1,"location":null,"numPassingAsserts":0,"retryReasons":[],"status":"passed","title":"must dispatch action when http response success ~ 200"},{"ancestorTitles":["setRandomImage","setCatRandomImageThunk()"],"duration":1,"failureDetails":[],"failureMessages":[],"fullName":"setRandomImage setCatRandomImageThunk() must dispatch action when http response not found ~ 404","invocations":1,"location":null,"numPassingAsserts":0,"retryReasons":[],"status":"passed","title":"must dispatch action when http response not found ~ 404"}],"endTime":1666269187162,"message":"","name":"/Users/mts/PapillonBitsHub/fable/packages/core/src/store/thunk/__tests__/setRandomImage.test.js","startTime":1666269182390,"status":"passed","summary":""},{"assertionResults":[{"ancestorTitles":["<Input />","Render"],"duration":65,"failureDetails":[],"failureMessages":[],"fullName":"<Input /> Render must match regular","invocations":1,"location":null,"numPassingAsserts":0,"retryReasons":[],"status":"passed","title":"must match regular"}],"endTime":1666269187810,"message":"","name":"/Users/mts/PapillonBitsHub/fable/packages/core/src/pattern/atom/Input/__tests__/Input.int.test.js","startTime":1666269182389,"status":"passed","summary":""},{"assertionResults":[{"ancestorTitles":["<FindAnimalBreed />","Render"],"duration":137,"failureDetails":[],"failureMessages":[],"fullName":"<FindAnimalBreed /> Render must match findDogBreed","invocations":1,"location":null,"numPassingAsserts":0,"retryReasons":[],"status":"passed","title":"must match findDogBreed"},{"ancestorTitles":["<FindAnimalBreed />","Render"],"duration":20,"failureDetails":[],"failureMessages":[],"fullName":"<FindAnimalBreed /> Render must match findCatBreed","invocations":1,"location":null,"numPassingAsserts":0,"retryReasons":[],"status":"passed","title":"must match findCatBreed"}],"endTime":1666269188058,"message":"","name":"/Users/mts/PapillonBitsHub/fable/packages/core/src/pattern/molecule/FindAnimalBreed/__tests__/FindAnimalBreed.int.test.js","startTime":1666269182427,"status":"passed","summary":""},{"assertionResults":[{"ancestorTitles":["client","setAppDefaultState()"],"duration":462,"failureDetails":[],"failureMessages":[],"fullName":"client setAppDefaultState() must set app state","invocations":1,"location":null,"numPassingAsserts":0,"retryReasons":[],"status":"passed","title":"must set app state"}],"endTime":1666269188163,"message":"","name":"/Users/mts/PapillonBitsHub/fable/packages/core/src/store/__tests__/client.test.js","startTime":1666269182388,"status":"passed","summary":""},{"assertionResults":[{"ancestorTitles":["<NotFoundTemplate />","Render"],"duration":136,"failureDetails":[],"failureMessages":[],"fullName":"<NotFoundTemplate /> Render must match regular","invocations":1,"location":null,"numPassingAsserts":0,"retryReasons":[],"status":"passed","title":"must match regular"}],"endTime":1666269188454,"message":"","name":"/Users/mts/PapillonBitsHub/fable/packages/core/src/pattern/template/NotFoundTemplate/__tests__/NotFoundTemplate.int.test.js","startTime":1666269182352,"status":"passed","summary":""},{"assertionResults":[{"ancestorTitles":["<NotFoundPage />","Render"],"duration":100,"failureDetails":[],"failureMessages":[],"fullName":"<NotFoundPage /> Render must match async","invocations":1,"location":null,"numPassingAsserts":0,"retryReasons":[],"status":"passed","title":"must match async"},{"ancestorTitles":["<NotFoundPage />","Render"],"duration":24,"failureDetails":[],"failureMessages":[],"fullName":"<NotFoundPage /> Render must match regular","invocations":1,"location":null,"numPassingAsserts":0,"retryReasons":[],"status":"passed","title":"must match regular"}],"endTime":1666269188736,"message":"","name":"/Users/mts/PapillonBitsHub/fable/packages/core/src/pattern/page/NotFoundPage/__tests__/NotFoundPage.int.test.js","startTime":1666269182419,"status":"passed","summary":""},{"assertionResults":[{"ancestorTitles":["<Image />","Render"],"duration":104,"failureDetails":[],"failureMessages":[],"fullName":"<Image /> Render must match dogImage","invocations":1,"location":null,"numPassingAsserts":0,"retryReasons":[],"status":"passed","title":"must match dogImage"},{"ancestorTitles":["<Image />","Render"],"duration":4,"failureDetails":[],"failureMessages":[],"fullName":"<Image /> Render must match catImage","invocations":1,"location":null,"numPassingAsserts":0,"retryReasons":[],"status":"passed","title":"must match catImage"}],"endTime":1666269189980,"message":"","name":"/Users/mts/PapillonBitsHub/fable/packages/core/src/pattern/atom/Image/__tests__/Image.int.test.js","startTime":1666269187179,"status":"passed","summary":""},{"assertionResults":[{"ancestorTitles":["<ErrorBoundary />","Render"],"duration":41,"failureDetails":[],"failureMessages":[],"fullName":"<ErrorBoundary /> Render must match regular()","invocations":1,"location":null,"numPassingAsserts":0,"retryReasons":[],"status":"passed","title":"must match regular()"}],"endTime":1666269190335,"message":"","name":"/Users/mts/PapillonBitsHub/fable/packages/core/src/pattern/atom/ErrorBoundary/__tests__/ErrorBoundary.int.test.js","startTime":1666269186955,"status":"passed","summary":""},{"assertionResults":[{"ancestorTitles":["<NoMatch />","Render"],"duration":23,"failureDetails":[],"failureMessages":[],"fullName":"<NoMatch /> Render must match regular","invocations":1,"location":null,"numPassingAsserts":0,"retryReasons":[],"status":"passed","title":"must match regular"}],"endTime":1666269190670,"message":"","name":"/Users/mts/PapillonBitsHub/fable/packages/core/src/pattern/atom/NoMatch/__tests__/NoMatch.int.test.js","startTime":1666269187860,"status":"passed","summary":""},{"assertionResults":[{"ancestorTitles":["<UnderConstruction />","Render"],"duration":40,"failureDetails":[],"failureMessages":[],"fullName":"<UnderConstruction /> Render must match regular","invocations":1,"location":null,"numPassingAsserts":0,"retryReasons":[],"status":"passed","title":"must match regular"}],"endTime":1666269190734,"message":"","name":"/Users/mts/PapillonBitsHub/fable/packages/core/src/pattern/atom/UnderConstruction/__tests__/UnderConstruction.int.test.js","startTime":1666269188139,"status":"passed","summary":""},{"assertionResults":[{"ancestorTitles":["<Button />","Render"],"duration":36,"failureDetails":[],"failureMessages":[],"fullName":"<Button /> Render must match regular","invocations":1,"location":null,"numPassingAsserts":0,"retryReasons":[],"status":"passed","title":"must match regular"}],"endTime":1666269190759,"message":"","name":"/Users/mts/PapillonBitsHub/fable/packages/core/src/pattern/atom/Button/__tests__/Button.int.test.js","startTime":1666269188206,"status":"passed","summary":""},{"assertionResults":[{"ancestorTitles":["index","setMiddlewares()"],"duration":6,"failureDetails":[],"failureMessages":[],"fullName":"index setMiddlewares() must have thunk and logger middleware when running on localhost","invocations":1,"location":null,"numPassingAsserts":0,"retryReasons":[],"status":"passed","title":"must have thunk and logger middleware when running on localhost"},{"ancestorTitles":["index","setMiddlewares()"],"duration":1,"failureDetails":[],"failureMessages":[],"fullName":"index setMiddlewares() must only have thunk middleware when not running on localhost","invocations":1,"location":null,"numPassingAsserts":0,"retryReasons":[],"status":"passed","title":"must only have thunk middleware when not running on localhost"}],"endTime":1666269190789,"message":"","name":"/Users/mts/PapillonBitsHub/fable/packages/core/src/store/__tests__/base.test.js","startTime":1666269188511,"status":"passed","summary":""},{"assertionResults":[{"ancestorTitles":["actionCreators","apiRestDogSetRandomImageAction()"],"duration":3,"failureDetails":[],"failureMessages":[],"fullName":"actionCreators apiRestDogSetRandomImageAction() must return action with given payload","invocations":1,"location":null,"numPassingAsserts":0,"retryReasons":[],"status":"passed","title":"must return action with given payload"},{"ancestorTitles":["actionCreators","apiRestDogSetSearchBreedAction()"],"duration":1,"failureDetails":[],"failureMessages":[],"fullName":"actionCreators apiRestDogSetSearchBreedAction() must return action with given payload","invocations":1,"location":null,"numPassingAsserts":0,"retryReasons":[],"status":"passed","title":"must return action with given payload"},{"ancestorTitles":["actionCreators","apiRestCatSetRandomImageAction()"],"duration":1,"failureDetails":[],"failureMessages":[],"fullName":"actionCreators apiRestCatSetRandomImageAction() must return action with given payload","invocations":1,"location":null,"numPassingAsserts":0,"retryReasons":[],"status":"passed","title":"must return action with given payload"},{"ancestorTitles":["actionCreators","apiRestCatSetSearchBreedAction()"],"duration":1,"failureDetails":[],"failureMessages":[],"fullName":"actionCreators apiRestCatSetSearchBreedAction() must return action with given payload","invocations":1,"location":null,"numPassingAsserts":0,"retryReasons":[],"status":"passed","title":"must return action with given payload"}],"endTime":1666269190923,"message":"","name":"/Users/mts/PapillonBitsHub/fable/packages/core/src/store/action/__tests__/actionCreators.test.js","startTime":1666269188788,"status":"passed","summary":""},{"assertionResults":[{"ancestorTitles":["default","getAppDefaultStateFromData()"],"duration":2,"failureDetails":[],"failureMessages":[],"fullName":"default getAppDefaultStateFromData() must return context default state with default values","invocations":1,"location":null,"numPassingAsserts":0,"retryReasons":[],"status":"passed","title":"must return context default state with default values"},{"ancestorTitles":["default","getAppDefaultStateFromData()"],"duration":1,"failureDetails":[],"failureMessages":[],"fullName":"default getAppDefaultStateFromData() must return context default state with given values","invocations":1,"location":null,"numPassingAsserts":0,"retryReasons":[],"status":"passed","title":"must return context default state with given values"},{"ancestorTitles":["default","getAppDefaultStateFromData()"],"duration":0,"failureDetails":[],"failureMessages":[],"fullName":"default getAppDefaultStateFromData() must return api default state","invocations":1,"location":null,"numPassingAsserts":0,"retryReasons":[],"status":"passed","title":"must return api default state"},{"ancestorTitles":["default","getAppDefaultStateFromData()"],"duration":1,"failureDetails":[],"failureMessages":[],"fullName":"default getAppDefaultStateFromData() must return ui default state","invocations":1,"location":null,"numPassingAsserts":0,"retryReasons":[],"status":"passed","title":"must return ui default state"}],"endTime":1666269191235,"message":"","name":"/Users/mts/PapillonBitsHub/fable/packages/core/src/state/__tests__/default.test.js","startTime":1666269189987,"status":"passed","summary":""}],"wasInterrupted":false}