{"numFailedTestSuites":0,"numFailedTests":0,"numPassedTestSuites":15,"numPassedTests":29,"numPendingTestSuites":0,"numPendingTests":0,"numRuntimeErrorTestSuites":0,"numTodoTests":0,"numTotalTestSuites":15,"numTotalTests":29,"openHandles":[],"snapshot":{"added":0,"didUpdate":false,"failure":false,"filesAdded":0,"filesRemoved":0,"filesRemovedList":[],"filesUnmatched":0,"filesUpdated":0,"matched":12,"total":12,"unchecked":0,"uncheckedKeysByFile":[],"unmatched":0,"updated":0},"startTime":1666361360437,"success":true,"testResults":[{"assertionResults":[{"ancestorTitles":["completeState","setAppCompleteStateThunk()"],"duration":33,"failureDetails":[],"failureMessages":[],"fullName":"completeState setAppCompleteStateThunk() must dispatch actions when http responses success ~ 200","invocations":1,"location":null,"numPassingAsserts":0,"retryReasons":[],"status":"passed","title":"must dispatch actions when http responses success ~ 200"},{"ancestorTitles":["completeState","setAppCompleteStateThunk()"],"duration":17,"failureDetails":[],"failureMessages":[],"fullName":"completeState setAppCompleteStateThunk() must dispatch actions when http responses not found ~ 404","invocations":1,"location":null,"numPassingAsserts":0,"retryReasons":[],"status":"passed","title":"must dispatch actions when http responses not found ~ 404"}],"endTime":1666361367126,"message":"","name":"/Users/mts/PapillonBitsHub/fable/packages/core/src/store/thunk/__tests__/completeState.test.js","startTime":1666361361695,"status":"passed","summary":""},{"assertionResults":[{"ancestorTitles":["actionCreators","apiRestDogSetRandomImageAction()"],"duration":2,"failureDetails":[],"failureMessages":[],"fullName":"actionCreators apiRestDogSetRandomImageAction() must return action with given payload","invocations":1,"location":null,"numPassingAsserts":0,"retryReasons":[],"status":"passed","title":"must return action with given payload"},{"ancestorTitles":["actionCreators","apiRestDogSetSearchBreedAction()"],"duration":0,"failureDetails":[],"failureMessages":[],"fullName":"actionCreators apiRestDogSetSearchBreedAction() must return action with given payload","invocations":1,"location":null,"numPassingAsserts":0,"retryReasons":[],"status":"passed","title":"must return action with given payload"},{"ancestorTitles":["actionCreators","apiRestCatSetRandomImageAction()"],"duration":1,"failureDetails":[],"failureMessages":[],"fullName":"actionCreators apiRestCatSetRandomImageAction() must return action with given payload","invocations":1,"location":null,"numPassingAsserts":0,"retryReasons":[],"status":"passed","title":"must return action with given payload"},{"ancestorTitles":["actionCreators","apiRestCatSetSearchBreedAction()"],"duration":0,"failureDetails":[],"failureMessages":[],"fullName":"actionCreators apiRestCatSetSearchBreedAction() must return action with given payload","invocations":1,"location":null,"numPassingAsserts":0,"retryReasons":[],"status":"passed","title":"must return action with given payload"}],"endTime":1666361367346,"message":"","name":"/Users/mts/PapillonBitsHub/fable/packages/core/src/store/action/__tests__/actionCreators.test.js","startTime":1666361361741,"status":"passed","summary":""},{"assertionResults":[{"ancestorTitles":["<ErrorBoundary />","Render"],"duration":86,"failureDetails":[],"failureMessages":[],"fullName":"<ErrorBoundary /> Render must match regular()","invocations":1,"location":null,"numPassingAsserts":0,"retryReasons":[],"status":"passed","title":"must match regular()"}],"endTime":1666361367900,"message":"","name":"/Users/mts/PapillonBitsHub/fable/packages/core/src/pattern/atom/ErrorBoundary/__tests__/ErrorBoundary.int.test.js","startTime":1666361361739,"status":"passed","summary":""},{"assertionResults":[{"ancestorTitles":["<FindAnimalBreed />","Render"],"duration":199,"failureDetails":[],"failureMessages":[],"fullName":"<FindAnimalBreed /> Render must match findDogBreed","invocations":1,"location":null,"numPassingAsserts":0,"retryReasons":[],"status":"passed","title":"must match findDogBreed"},{"ancestorTitles":["<FindAnimalBreed />","Render"],"duration":17,"failureDetails":[],"failureMessages":[],"fullName":"<FindAnimalBreed /> Render must match findCatBreed","invocations":1,"location":null,"numPassingAsserts":0,"retryReasons":[],"status":"passed","title":"must match findCatBreed"}],"endTime":1666361368108,"message":"","name":"/Users/mts/PapillonBitsHub/fable/packages/core/src/pattern/molecule/FindAnimalBreed/__tests__/FindAnimalBreed.int.test.js","startTime":1666361361724,"status":"passed","summary":""},{"assertionResults":[{"ancestorTitles":["<NotFoundTemplate />","Render"],"duration":104,"failureDetails":[],"failureMessages":[],"fullName":"<NotFoundTemplate /> Render must match regular","invocations":1,"location":null,"numPassingAsserts":0,"retryReasons":[],"status":"passed","title":"must match regular"}],"endTime":1666361368141,"message":"","name":"/Users/mts/PapillonBitsHub/fable/packages/core/src/pattern/template/NotFoundTemplate/__tests__/NotFoundTemplate.int.test.js","startTime":1666361361774,"status":"passed","summary":""},{"assertionResults":[{"ancestorTitles":["client","setAppDefaultState()"],"duration":427,"failureDetails":[],"failureMessages":[],"fullName":"client setAppDefaultState() must set app state","invocations":1,"location":null,"numPassingAsserts":0,"retryReasons":[],"status":"passed","title":"must set app state"}],"endTime":1666361368214,"message":"","name":"/Users/mts/PapillonBitsHub/fable/packages/core/src/store/__tests__/client.test.js","startTime":1666361361690,"status":"passed","summary":""},{"assertionResults":[{"ancestorTitles":["<NotFoundPage />","Render"],"duration":82,"failureDetails":[],"failureMessages":[],"fullName":"<NotFoundPage /> Render must match async","invocations":1,"location":null,"numPassingAsserts":0,"retryReasons":[],"status":"passed","title":"must match async"},{"ancestorTitles":["<NotFoundPage />","Render"],"duration":25,"failureDetails":[],"failureMessages":[],"fullName":"<NotFoundPage /> Render must match regular","invocations":1,"location":null,"numPassingAsserts":0,"retryReasons":[],"status":"passed","title":"must match regular"}],"endTime":1666361368302,"message":"","name":"/Users/mts/PapillonBitsHub/fable/packages/core/src/pattern/page/NotFoundPage/__tests__/NotFoundPage.int.test.js","startTime":1666361361749,"status":"passed","summary":""},{"assertionResults":[{"ancestorTitles":["index","setMiddlewares()"],"duration":3,"failureDetails":[],"failureMessages":[],"fullName":"index setMiddlewares() must have thunk and logger middleware when running on localhost","invocations":1,"location":null,"numPassingAsserts":0,"retryReasons":[],"status":"passed","title":"must have thunk and logger middleware when running on localhost"},{"ancestorTitles":["index","setMiddlewares()"],"duration":53,"failureDetails":[],"failureMessages":[],"fullName":"index setMiddlewares() must only have thunk middleware when not running on localhost","invocations":1,"location":null,"numPassingAsserts":0,"retryReasons":[],"status":"passed","title":"must only have thunk middleware when not running on localhost"}],"endTime":1666361370018,"message":"","name":"/Users/mts/PapillonBitsHub/fable/packages/core/src/store/__tests__/base.test.js","startTime":1666361367161,"status":"passed","summary":""},{"assertionResults":[{"ancestorTitles":["<Input />","Render"],"duration":91,"failureDetails":[],"failureMessages":[],"fullName":"<Input /> Render must match regular","invocations":1,"location":null,"numPassingAsserts":0,"retryReasons":[],"status":"passed","title":"must match regular"}],"endTime":1666361370765,"message":"","name":"/Users/mts/PapillonBitsHub/fable/packages/core/src/pattern/atom/Input/__tests__/Input.int.test.js","startTime":1666361367435,"status":"passed","summary":""},{"assertionResults":[{"ancestorTitles":["<NoMatch />","Render"],"duration":71,"failureDetails":[],"failureMessages":[],"fullName":"<NoMatch /> Render must match regular","invocations":1,"location":null,"numPassingAsserts":0,"retryReasons":[],"status":"passed","title":"must match regular"}],"endTime":1666361370830,"message":"","name":"/Users/mts/PapillonBitsHub/fable/packages/core/src/pattern/atom/NoMatch/__tests__/NoMatch.int.test.js","startTime":1666361367914,"status":"passed","summary":""},{"assertionResults":[{"ancestorTitles":["setRandomImage","setDogRandomImageThunk()"],"duration":11,"failureDetails":[],"failureMessages":[],"fullName":"setRandomImage setDogRandomImageThunk() must dispatch action when http response success ~ 200","invocations":1,"location":null,"numPassingAsserts":0,"retryReasons":[],"status":"passed","title":"must dispatch action when http response success ~ 200"},{"ancestorTitles":["setRandomImage","setDogRandomImageThunk()"],"duration":2,"failureDetails":[],"failureMessages":[],"fullName":"setRandomImage setDogRandomImageThunk() must dispatch action when http response not found ~ 404","invocations":1,"location":null,"numPassingAsserts":0,"retryReasons":[],"status":"passed","title":"must dispatch action when http response not found ~ 404"},{"ancestorTitles":["setRandomImage","setCatRandomImageThunk()"],"duration":2,"failureDetails":[],"failureMessages":[],"fullName":"setRandomImage setCatRandomImageThunk() must dispatch action when http response success ~ 200","invocations":1,"location":null,"numPassingAsserts":0,"retryReasons":[],"status":"passed","title":"must dispatch action when http response success ~ 200"},{"ancestorTitles":["setRandomImage","setCatRandomImageThunk()"],"duration":2,"failureDetails":[],"failureMessages":[],"fullName":"setRandomImage setCatRandomImageThunk() must dispatch action when http response not found ~ 404","invocations":1,"location":null,"numPassingAsserts":0,"retryReasons":[],"status":"passed","title":"must dispatch action when http response not found ~ 404"}],"endTime":1666361370924,"message":"","name":"/Users/mts/PapillonBitsHub/fable/packages/core/src/store/thunk/__tests__/setRandomImage.test.js","startTime":1666361368130,"status":"passed","summary":""},{"assertionResults":[{"ancestorTitles":["<Button />","Render"],"duration":38,"failureDetails":[],"failureMessages":[],"fullName":"<Button /> Render must match regular","invocations":1,"location":null,"numPassingAsserts":0,"retryReasons":[],"status":"passed","title":"must match regular"}],"endTime":1666361371029,"message":"","name":"/Users/mts/PapillonBitsHub/fable/packages/core/src/pattern/atom/Button/__tests__/Button.int.test.js","startTime":1666361368175,"status":"passed","summary":""},{"assertionResults":[{"ancestorTitles":["<UnderConstruction />","Render"],"duration":28,"failureDetails":[],"failureMessages":[],"fullName":"<UnderConstruction /> Render must match regular","invocations":1,"location":null,"numPassingAsserts":0,"retryReasons":[],"status":"passed","title":"must match regular"}],"endTime":1666361371049,"message":"","name":"/Users/mts/PapillonBitsHub/fable/packages/core/src/pattern/atom/UnderConstruction/__tests__/UnderConstruction.int.test.js","startTime":1666361368250,"status":"passed","summary":""},{"assertionResults":[{"ancestorTitles":["<Image />","Render"],"duration":33,"failureDetails":[],"failureMessages":[],"fullName":"<Image /> Render must match dogImage","invocations":1,"location":null,"numPassingAsserts":0,"retryReasons":[],"status":"passed","title":"must match dogImage"},{"ancestorTitles":["<Image />","Render"],"duration":5,"failureDetails":[],"failureMessages":[],"fullName":"<Image /> Render must match catImage","invocations":1,"location":null,"numPassingAsserts":0,"retryReasons":[],"status":"passed","title":"must match catImage"}],"endTime":1666361371096,"message":"","name":"/Users/mts/PapillonBitsHub/fable/packages/core/src/pattern/atom/Image/__tests__/Image.int.test.js","startTime":1666361368344,"status":"passed","summary":""},{"assertionResults":[{"ancestorTitles":["default","getAppDefaultStateFromData()"],"duration":2,"failureDetails":[],"failureMessages":[],"fullName":"default getAppDefaultStateFromData() must return context default state with default values","invocations":1,"location":null,"numPassingAsserts":0,"retryReasons":[],"status":"passed","title":"must return context default state with default values"},{"ancestorTitles":["default","getAppDefaultStateFromData()"],"duration":0,"failureDetails":[],"failureMessages":[],"fullName":"default getAppDefaultStateFromData() must return context default state with given values","invocations":1,"location":null,"numPassingAsserts":0,"retryReasons":[],"status":"passed","title":"must return context default state with given values"},{"ancestorTitles":["default","getAppDefaultStateFromData()"],"duration":1,"failureDetails":[],"failureMessages":[],"fullName":"default getAppDefaultStateFromData() must return api default state","invocations":1,"location":null,"numPassingAsserts":0,"retryReasons":[],"status":"passed","title":"must return api default state"},{"ancestorTitles":["default","getAppDefaultStateFromData()"],"duration":0,"failureDetails":[],"failureMessages":[],"fullName":"default getAppDefaultStateFromData() must return ui default state","invocations":1,"location":null,"numPassingAsserts":0,"retryReasons":[],"status":"passed","title":"must return ui default state"}],"endTime":1666361371498,"message":"","name":"/Users/mts/PapillonBitsHub/fable/packages/core/src/state/__tests__/default.test.js","startTime":1666361370027,"status":"passed","summary":""}],"wasInterrupted":false}